INFO:werkzeug: * Running on http://127.0.0.1:5000/ (Press CTRL+C to quit)
INFO:werkzeug:127.0.0.1 - - [12/Oct/2016 16:44:04] "GET / HTTP/1.1" 200 -
INFO:werkzeug:127.0.0.1 - - [12/Oct/2016 16:44:04] "GET /favicon.ico HTTP/1.1" 404 -
INFO:werkzeug:127.0.0.1 - - [12/Oct/2016 16:44:04] "GET /favicon.ico HTTP/1.1" 404 -
INFO:werkzeug:127.0.0.1 - - [12/Oct/2016 16:44:18] "GET /compute HTTP/1.1" 200 -
DEBUG:demo:-4
-7
-12
-3
-9
-20
DEBUG:demo:10
DEBUG:demo:        22
DEBUG:demo:-4 -7 -12 -3 -9 -20
INFO:werkzeug:127.0.0.1 - - [12/Oct/2016 16:45:32] "POST /compute HTTP/1.1" 200 -
DEBUG:demo:-2
-3
-4
-5
-6
DEBUG:demo:1
DEBUG:demo:        5
DEBUG:demo:-2 -3 -4 -5 -6
INFO:werkzeug:127.0.0.1 - - [12/Oct/2016 16:46:06] "POST /compute HTTP/1.1" 200 -
INFO:werkzeug: * Running on http://127.0.0.1:5000/ (Press CTRL+C to quit)
INFO:werkzeug:127.0.0.1 - - [12/Oct/2016 16:52:13] "GET /compute HTTP/1.1" 200 -
DEBUG:demo:[2,3,5,8,10,12]
DEBUG:demo:4
DEBUG:demo:9
DEBUG:demo:[2, 3, 5, 8, 10, 12]
INFO:werkzeug:127.0.0.1 - - [12/Oct/2016 16:52:38] "POST /compute HTTP/1.1" 200 -
DEBUG:demo:- 2
- 5
- 6
- 7
- 10
- 4
DEBUG:demo:3
DEBUG:demo:8
DEBUG:demo:[2, 5, 6, 7, 10, 4]
INFO:werkzeug:127.0.0.1 - - [12/Oct/2016 17:09:33] "POST /compute HTTP/1.1" 200 -
INFO:werkzeug: * Running on http://127.0.0.1:5000/ (Press CTRL+C to quit)
INFO:werkzeug:127.0.0.1 - - [12/Oct/2016 17:13:20] "GET /compute HTTP/1.1" 200 -
INFO:werkzeug:127.0.0.1 - - [12/Oct/2016 17:13:22] "GET /compute HTTP/1.1" 200 -
DEBUG:demo:- 2
- 3
- 5
- 8
- 9
- 10
- 13
DEBUG:demo:4
DEBUG:demo:11
DEBUG:demo:[2, 3, 5, 8, 9, 10, 13]
ERROR:demo:Exception on /compute [POST]
Traceback (most recent call last):
  File "/home/melike/hw1/venv/local/lib/python2.7/site-packages/flask/app.py", line 1988, in wsgi_app
    response = self.full_dispatch_request()
  File "/home/melike/hw1/venv/local/lib/python2.7/site-packages/flask/app.py", line 1641, in full_dispatch_request
    rv = self.handle_user_exception(e)
  File "/home/melike/hw1/venv/local/lib/python2.7/site-packages/flask/app.py", line 1544, in handle_user_exception
    reraise(exc_type, exc_value, tb)
  File "/home/melike/hw1/venv/local/lib/python2.7/site-packages/flask/app.py", line 1639, in full_dispatch_request
    rv = self.dispatch_request()
  File "/home/melike/hw1/venv/local/lib/python2.7/site-packages/flask/app.py", line 1625, in dispatch_request
    return self.view_functions[rule.endpoint](**req.view_args)
  File "/home/melike/hw1/demo.py", line 41, in compute
    yamlResult = yaml.safe_load(result)
  File "/home/melike/hw1/venv/local/lib/python2.7/site-packages/yaml/__init__.py", line 93, in safe_load
    return load(stream, SafeLoader)
  File "/home/melike/hw1/venv/local/lib/python2.7/site-packages/yaml/__init__.py", line 69, in load
    loader = Loader(stream)
  File "/home/melike/hw1/venv/local/lib/python2.7/site-packages/yaml/loader.py", line 24, in __init__
    Reader.__init__(self, stream)
  File "/home/melike/hw1/venv/local/lib/python2.7/site-packages/yaml/reader.py", line 85, in __init__
    self.determine_encoding()
  File "/home/melike/hw1/venv/local/lib/python2.7/site-packages/yaml/reader.py", line 124, in determine_encoding
    self.update_raw()
  File "/home/melike/hw1/venv/local/lib/python2.7/site-packages/yaml/reader.py", line 178, in update_raw
    data = self.stream.read(size)
AttributeError: 'int' object has no attribute 'read'
INFO:werkzeug:127.0.0.1 - - [12/Oct/2016 17:13:56] "POST /compute HTTP/1.1" 500 -
INFO:werkzeug: * Running on http://127.0.0.1:5000/ (Press CTRL+C to quit)
DEBUG:demo:- 2
- 3
- 5
- 8
- 9
- 10
- 13
DEBUG:demo:4
DEBUG:demo:11
DEBUG:demo:[2, 3, 5, 8, 9, 10, 13]
ERROR:demo:Exception on /compute [POST]
Traceback (most recent call last):
  File "/home/melike/hw1/venv/local/lib/python2.7/site-packages/flask/app.py", line 1988, in wsgi_app
    response = self.full_dispatch_request()
  File "/home/melike/hw1/venv/local/lib/python2.7/site-packages/flask/app.py", line 1641, in full_dispatch_request
    rv = self.handle_user_exception(e)
  File "/home/melike/hw1/venv/local/lib/python2.7/site-packages/flask/app.py", line 1544, in handle_user_exception
    reraise(exc_type, exc_value, tb)
  File "/home/melike/hw1/venv/local/lib/python2.7/site-packages/flask/app.py", line 1639, in full_dispatch_request
    rv = self.dispatch_request()
  File "/home/melike/hw1/venv/local/lib/python2.7/site-packages/flask/app.py", line 1625, in dispatch_request
    return self.view_functions[rule.endpoint](**req.view_args)
  File "/home/melike/hw1/demo.py", line 41, in compute
    yamlResult = yaml.safe_load(result)
  File "/home/melike/hw1/venv/local/lib/python2.7/site-packages/yaml/__init__.py", line 93, in safe_load
    return load(stream, SafeLoader)
  File "/home/melike/hw1/venv/local/lib/python2.7/site-packages/yaml/__init__.py", line 69, in load
    loader = Loader(stream)
  File "/home/melike/hw1/venv/local/lib/python2.7/site-packages/yaml/loader.py", line 24, in __init__
    Reader.__init__(self, stream)
  File "/home/melike/hw1/venv/local/lib/python2.7/site-packages/yaml/reader.py", line 85, in __init__
    self.determine_encoding()
  File "/home/melike/hw1/venv/local/lib/python2.7/site-packages/yaml/reader.py", line 124, in determine_encoding
    self.update_raw()
  File "/home/melike/hw1/venv/local/lib/python2.7/site-packages/yaml/reader.py", line 178, in update_raw
    data = self.stream.read(size)
AttributeError: 'int' object has no attribute 'read'
INFO:werkzeug:127.0.0.1 - - [12/Oct/2016 17:15:06] "POST /compute HTTP/1.1" 500 -
INFO:werkzeug:127.0.0.1 - - [12/Oct/2016 17:15:10] "GET /compute HTTP/1.1" 200 -
DEBUG:demo:- 2
- 3
- 5
- 8
- 9
- 10
- 13
DEBUG:demo:4
DEBUG:demo:11
DEBUG:demo:[2, 3, 5, 8, 9, 10, 13]
ERROR:demo:Exception on /compute [POST]
Traceback (most recent call last):
  File "/home/melike/hw1/venv/local/lib/python2.7/site-packages/flask/app.py", line 1988, in wsgi_app
    response = self.full_dispatch_request()
  File "/home/melike/hw1/venv/local/lib/python2.7/site-packages/flask/app.py", line 1641, in full_dispatch_request
    rv = self.handle_user_exception(e)
  File "/home/melike/hw1/venv/local/lib/python2.7/site-packages/flask/app.py", line 1544, in handle_user_exception
    reraise(exc_type, exc_value, tb)
  File "/home/melike/hw1/venv/local/lib/python2.7/site-packages/flask/app.py", line 1639, in full_dispatch_request
    rv = self.dispatch_request()
  File "/home/melike/hw1/venv/local/lib/python2.7/site-packages/flask/app.py", line 1625, in dispatch_request
    return self.view_functions[rule.endpoint](**req.view_args)
  File "/home/melike/hw1/demo.py", line 41, in compute
    yamlResult = yaml.safe_load(result)
  File "/home/melike/hw1/venv/local/lib/python2.7/site-packages/yaml/__init__.py", line 93, in safe_load
    return load(stream, SafeLoader)
  File "/home/melike/hw1/venv/local/lib/python2.7/site-packages/yaml/__init__.py", line 69, in load
    loader = Loader(stream)
  File "/home/melike/hw1/venv/local/lib/python2.7/site-packages/yaml/loader.py", line 24, in __init__
    Reader.__init__(self, stream)
  File "/home/melike/hw1/venv/local/lib/python2.7/site-packages/yaml/reader.py", line 85, in __init__
    self.determine_encoding()
  File "/home/melike/hw1/venv/local/lib/python2.7/site-packages/yaml/reader.py", line 124, in determine_encoding
    self.update_raw()
  File "/home/melike/hw1/venv/local/lib/python2.7/site-packages/yaml/reader.py", line 178, in update_raw
    data = self.stream.read(size)
AttributeError: 'int' object has no attribute 'read'
INFO:werkzeug:127.0.0.1 - - [12/Oct/2016 17:15:33] "POST /compute HTTP/1.1" 500 -
INFO:werkzeug: * Running on http://127.0.0.1:5000/ (Press CTRL+C to quit)
INFO:werkzeug:127.0.0.1 - - [12/Oct/2016 17:15:49] "GET /compute HTTP/1.1" 200 -
DEBUG:demo:- 2
- 3
- 5
- 8
- 9
- 10
- 13
DEBUG:demo:4
DEBUG:demo:11
DEBUG:demo:[2, 3, 5, 8, 9, 10, 13]
ERROR:demo:Exception on /compute [POST]
Traceback (most recent call last):
  File "/home/melike/hw1/venv/local/lib/python2.7/site-packages/flask/app.py", line 1988, in wsgi_app
    response = self.full_dispatch_request()
  File "/home/melike/hw1/venv/local/lib/python2.7/site-packages/flask/app.py", line 1641, in full_dispatch_request
    rv = self.handle_user_exception(e)
  File "/home/melike/hw1/venv/local/lib/python2.7/site-packages/flask/app.py", line 1544, in handle_user_exception
    reraise(exc_type, exc_value, tb)
  File "/home/melike/hw1/venv/local/lib/python2.7/site-packages/flask/app.py", line 1639, in full_dispatch_request
    rv = self.dispatch_request()
  File "/home/melike/hw1/venv/local/lib/python2.7/site-packages/flask/app.py", line 1625, in dispatch_request
    return self.view_functions[rule.endpoint](**req.view_args)
  File "/home/melike/hw1/demo.py", line 41, in compute
    yamlResult = yaml.safe_load(result)
  File "/home/melike/hw1/venv/local/lib/python2.7/site-packages/yaml/__init__.py", line 93, in safe_load
    return load(stream, SafeLoader)
  File "/home/melike/hw1/venv/local/lib/python2.7/site-packages/yaml/__init__.py", line 69, in load
    loader = Loader(stream)
  File "/home/melike/hw1/venv/local/lib/python2.7/site-packages/yaml/loader.py", line 24, in __init__
    Reader.__init__(self, stream)
  File "/home/melike/hw1/venv/local/lib/python2.7/site-packages/yaml/reader.py", line 85, in __init__
    self.determine_encoding()
  File "/home/melike/hw1/venv/local/lib/python2.7/site-packages/yaml/reader.py", line 124, in determine_encoding
    self.update_raw()
  File "/home/melike/hw1/venv/local/lib/python2.7/site-packages/yaml/reader.py", line 178, in update_raw
    data = self.stream.read(size)
AttributeError: 'int' object has no attribute 'read'
INFO:werkzeug:127.0.0.1 - - [12/Oct/2016 17:16:04] "POST /compute HTTP/1.1" 500 -
INFO:werkzeug: * Running on http://127.0.0.1:5000/ (Press CTRL+C to quit)
DEBUG:demo:- 2
- 3
- 5
- 8
- 9
- 10
- 13
DEBUG:demo:4
DEBUG:demo:11
DEBUG:demo:[2, 3, 5, 8, 9, 10, 13]
INFO:werkzeug:127.0.0.1 - - [12/Oct/2016 17:17:20] "POST /compute HTTP/1.1" 200 -
INFO:werkzeug: * Running on http://127.0.0.1:5000/ (Press CTRL+C to quit)
INFO:werkzeug:127.0.0.1 - - [12/Oct/2016 17:19:54] "GET /compute HTTP/1.1" 200 -
DEBUG:demo:- 2
- 3
- 5
- 8
- 9
- 10
- 13
DEBUG:demo:4
DEBUG:demo:11
DEBUG:demo:[2, 3, 5, 8, 9, 10, 13]
ERROR:demo:Exception on /compute [POST]
Traceback (most recent call last):
  File "/home/melike/hw1/venv/local/lib/python2.7/site-packages/flask/app.py", line 1988, in wsgi_app
    response = self.full_dispatch_request()
  File "/home/melike/hw1/venv/local/lib/python2.7/site-packages/flask/app.py", line 1641, in full_dispatch_request
    rv = self.handle_user_exception(e)
  File "/home/melike/hw1/venv/local/lib/python2.7/site-packages/flask/app.py", line 1544, in handle_user_exception
    reraise(exc_type, exc_value, tb)
  File "/home/melike/hw1/venv/local/lib/python2.7/site-packages/flask/app.py", line 1639, in full_dispatch_request
    rv = self.dispatch_request()
  File "/home/melike/hw1/venv/local/lib/python2.7/site-packages/flask/app.py", line 1625, in dispatch_request
    return self.view_functions[rule.endpoint](**req.view_args)
  File "/home/melike/hw1/demo.py", line 42, in compute
    puts(result.to_yaml)
NameError: global name 'puts' is not defined
INFO:werkzeug:127.0.0.1 - - [12/Oct/2016 17:20:09] "POST /compute HTTP/1.1" 500 -
INFO:werkzeug: * Running on http://127.0.0.1:5000/ (Press CTRL+C to quit)
INFO:werkzeug:127.0.0.1 - - [12/Oct/2016 17:23:52] "GET /compute HTTP/1.1" 200 -
INFO:werkzeug:127.0.0.1 - - [12/Oct/2016 17:23:53] "GET /compute HTTP/1.1" 200 -
INFO:werkzeug:127.0.0.1 - - [12/Oct/2016 17:23:54] "GET /compute HTTP/1.1" 200 -
INFO:werkzeug:127.0.0.1 - - [12/Oct/2016 17:24:00] "GET /compute HTTP/1.1" 200 -
DEBUG:demo:- 2
- 3
- 5
- 8
- 9
- 10
- 13
DEBUG:demo:4
DEBUG:demo:11
DEBUG:demo:[2, 3, 5, 8, 9, 10, 13]
ERROR:demo:Exception on /compute [POST]
Traceback (most recent call last):
  File "/home/melike/hw1/venv/local/lib/python2.7/site-packages/flask/app.py", line 1988, in wsgi_app
    response = self.full_dispatch_request()
  File "/home/melike/hw1/venv/local/lib/python2.7/site-packages/flask/app.py", line 1641, in full_dispatch_request
    rv = self.handle_user_exception(e)
  File "/home/melike/hw1/venv/local/lib/python2.7/site-packages/flask/app.py", line 1544, in handle_user_exception
    reraise(exc_type, exc_value, tb)
  File "/home/melike/hw1/venv/local/lib/python2.7/site-packages/flask/app.py", line 1639, in full_dispatch_request
    rv = self.dispatch_request()
  File "/home/melike/hw1/venv/local/lib/python2.7/site-packages/flask/app.py", line 1625, in dispatch_request
    return self.view_functions[rule.endpoint](**req.view_args)
  File "/home/melike/hw1/demo.py", line 42, in compute
    print result.to_yaml
AttributeError: 'int' object has no attribute 'to_yaml'
INFO:werkzeug:127.0.0.1 - - [12/Oct/2016 17:24:13] "POST /compute HTTP/1.1" 500 -
INFO:werkzeug: * Running on http://127.0.0.1:5000/ (Press CTRL+C to quit)
INFO:werkzeug:127.0.0.1 - - [13/Oct/2016 00:38:11] "GET /compute HTTP/1.1" 200 -
DEBUG:demo:- 2
- 4
- 5
- 7
- 10
- 11
DEBUG:demo:3
DEBUG:demo:9
DEBUG:demo:[2, 4, 5, 7, 10, 11]
INFO:werkzeug:127.0.0.1 - - [13/Oct/2016 00:38:43] "POST /compute HTTP/1.1" 200 -
INFO:werkzeug: * Running on http://127.0.0.1:5000/ (Press CTRL+C to quit)
INFO:werkzeug:127.0.0.1 - - [13/Oct/2016 00:54:35] "GET /compute HTTP/1.1" 200 -
INFO:werkzeug:127.0.0.1 - - [13/Oct/2016 00:54:39] "GET /compute HTTP/1.1" 200 -
DEBUG:demo:- 2
- 5
- 9
- 10
- 3
DEBUG:demo:4
DEBUG:demo:10
DEBUG:demo:[2, 5, 9, 10, 3]
INFO:werkzeug:127.0.0.1 - - [13/Oct/2016 00:55:22] "POST /compute HTTP/1.1" 200 -
DEBUG:demo:- 1
- 2
- 3
- 4
- 5
- 6
DEBUG:demo:0
DEBUG:demo:4
DEBUG:demo:[1, 2, 3, 4, 5, 6]
INFO:werkzeug:127.0.0.1 - - [13/Oct/2016 00:56:01] "POST /compute HTTP/1.1" 200 -
INFO:werkzeug: * Running on http://127.0.0.1:5000/ (Press CTRL+C to quit)
DEBUG:demo:- 1
- 2
- 3
- 4
- 6
- 9
- 10
DEBUG:demo:0
DEBUG:demo:7
DEBUG:demo:[1, 2, 3, 4, 6, 9, 10]
INFO:werkzeug:127.0.0.1 - - [13/Oct/2016 01:06:37] "POST /compute HTTP/1.1" 200 -
DEBUG:demo:- 1
- 3
- 5
- 7
- 6
- 9
- 11
DEBUG:demo:2
DEBUG:demo:10
DEBUG:demo:[1, 3, 5, 7, 6, 9, 11]
INFO:werkzeug:127.0.0.1 - - [13/Oct/2016 01:07:18] "POST /compute HTTP/1.1" 200 -
INFO:werkzeug: * Running on http://127.0.0.1:5000/ (Press CTRL+C to quit)
INFO:werkzeug:127.0.0.1 - - [13/Oct/2016 01:08:14] "GET /compute HTTP/1.1" 200 -
DEBUG:demo:- 1
- 3
- 5
- 7
- 6
- 9
- 11
DEBUG:demo:2
DEBUG:demo:10
DEBUG:demo:[1, 3, 5, 7, 6, 9, 11]
INFO:werkzeug:127.0.0.1 - - [13/Oct/2016 01:08:26] "POST /compute HTTP/1.1" 200 -
DEBUG:demo:- 1
- 3
- 5
- 7
- 6
- 9
- 11
DEBUG:demo:10
DEBUG:demo:2
DEBUG:demo:[1, 3, 5, 7, 6, 9, 11]
INFO:werkzeug:127.0.0.1 - - [13/Oct/2016 01:09:01] "POST /compute HTTP/1.1" 200 -
INFO:werkzeug: * Running on http://127.0.0.1:5000/ (Press CTRL+C to quit)
DEBUG:demo:- 1
- 3
- 5
- 7
- 6
- 9
- 11
DEBUG:demo:2
DEBUG:demo:10
DEBUG:demo:[1, 3, 5, 7, 6, 9, 11]
INFO:werkzeug:127.0.0.1 - - [13/Oct/2016 01:12:01] "POST /compute HTTP/1.1" 200 -
DEBUG:demo:        
DEBUG:demo:        
DEBUG:demo:        
DEBUG:demo:None
INFO:werkzeug:127.0.0.1 - - [13/Oct/2016 01:12:09] "POST /compute HTTP/1.1" 200 -
DEBUG:demo:        
DEBUG:demo:        
DEBUG:demo:        
DEBUG:demo:None
INFO:werkzeug:127.0.0.1 - - [13/Oct/2016 01:12:14] "POST /compute HTTP/1.1" 200 -
DEBUG:demo:        
DEBUG:demo:        
DEBUG:demo:        
DEBUG:demo:None
INFO:werkzeug:127.0.0.1 - - [13/Oct/2016 01:12:22] "POST /compute HTTP/1.1" 200 -
DEBUG:demo:- 1
- 3
- 5
- 7
- 6
- 9
- 11
DEBUG:demo:10
DEBUG:demo:2
DEBUG:demo:[1, 3, 5, 7, 6, 9, 11]
INFO:werkzeug:127.0.0.1 - - [13/Oct/2016 01:12:31] "POST /compute HTTP/1.1" 200 -
INFO:werkzeug: * Running on http://127.0.0.1:5000/ (Press CTRL+C to quit)
DEBUG:demo:- 1
- 3
- 5
- 7
- 6
- 9
- 11
DEBUG:demo:10
DEBUG:demo:2
DEBUG:demo:[1, 3, 5, 7, 6, 9, 11]
INFO:werkzeug:127.0.0.1 - - [13/Oct/2016 01:14:18] "POST /compute HTTP/1.1" 200 -
INFO:werkzeug:127.0.0.1 - - [13/Oct/2016 01:14:20] "GET /compute HTTP/1.1" 200 -
DEBUG:demo:- 1
- 3
- 5
- 7
- 6
- 9
- 11
DEBUG:demo:2
DEBUG:demo:10
DEBUG:demo:[1, 3, 5, 7, 6, 9, 11]
INFO:werkzeug:127.0.0.1 - - [13/Oct/2016 01:14:35] "POST /compute HTTP/1.1" 200 -
INFO:werkzeug: * Running on http://127.0.0.1:5000/ (Press CTRL+C to quit)
DEBUG:demo:- 1
- 3
- 5
- 7
- 6
- 9
- 11
DEBUG:demo:2
DEBUG:demo:10
DEBUG:demo:[1, 3, 5, 7, 6, 9, 11]
ERROR:demo:Exception on /compute [POST]
Traceback (most recent call last):
  File "/home/melike/hw1/venv/local/lib/python2.7/site-packages/flask/app.py", line 1988, in wsgi_app
    response = self.full_dispatch_request()
  File "/home/melike/hw1/venv/local/lib/python2.7/site-packages/flask/app.py", line 1641, in full_dispatch_request
    rv = self.handle_user_exception(e)
  File "/home/melike/hw1/venv/local/lib/python2.7/site-packages/flask/app.py", line 1544, in handle_user_exception
    reraise(exc_type, exc_value, tb)
  File "/home/melike/hw1/venv/local/lib/python2.7/site-packages/flask/app.py", line 1639, in full_dispatch_request
    rv = self.dispatch_request()
  File "/home/melike/hw1/venv/local/lib/python2.7/site-packages/flask/app.py", line 1625, in dispatch_request
    return self.view_functions[rule.endpoint](**req.view_args)
  File "/home/melike/hw1/demo.py", line 41, in compute
    print 'I am printing the result: ' + result
TypeError: cannot concatenate 'str' and 'int' objects
INFO:werkzeug:127.0.0.1 - - [13/Oct/2016 01:22:30] "POST /compute HTTP/1.1" 500 -
INFO:werkzeug: * Running on http://127.0.0.1:5000/ (Press CTRL+C to quit)
INFO:werkzeug:127.0.0.1 - - [13/Oct/2016 01:23:15] "GET /compute HTTP/1.1" 200 -
DEBUG:demo:- 1
- 3
- 5
- 7
- 6
- 9
- 11
DEBUG:demo:2
DEBUG:demo:10
DEBUG:demo:[1, 3, 5, 7, 6, 9, 11]
INFO:werkzeug:127.0.0.1 - - [13/Oct/2016 01:23:24] "POST /compute HTTP/1.1" 200 -
INFO:werkzeug: * Running on http://127.0.0.1:5000/ (Press CTRL+C to quit)
DEBUG:demo:- 2
- 3
- 4
- 7
- 9
DEBUG:demo:1
DEBUG:demo:6
DEBUG:demo:[2, 3, 4, 7, 9]
INFO:werkzeug:127.0.0.1 - - [13/Oct/2016 02:04:45] "POST /compute HTTP/1.1" 200 -
INFO:werkzeug: * Running on http://127.0.0.1:5000/ (Press CTRL+C to quit)
DEBUG:demo:- 2
- 3
- 4
- 7
- 9
DEBUG:demo:1
DEBUG:demo:6
DEBUG:demo:[2, 3, 4, 7, 9]
INFO:werkzeug:127.0.0.1 - - [13/Oct/2016 02:06:40] "POST /compute HTTP/1.1" 200 -
INFO:werkzeug: * Running on http://127.0.0.1:5000/ (Press CTRL+C to quit)
DEBUG:demo:- 2
- 3
- 4
- 7
- 9
DEBUG:demo:1
DEBUG:demo:6
DEBUG:demo:[2, 3, 4, 7, 9]
INFO:werkzeug:127.0.0.1 - - [13/Oct/2016 02:08:35] "POST /compute HTTP/1.1" 200 -
INFO:werkzeug: * Running on http://127.0.0.1:5000/ (Press CTRL+C to quit)
DEBUG:demo:- 2
- 3
- 4
- 7
- 9
DEBUG:demo:1
DEBUG:demo:6
DEBUG:demo:[2, 3, 4, 7, 9]
INFO:werkzeug:127.0.0.1 - - [13/Oct/2016 02:10:10] "POST /compute HTTP/1.1" 200 -
DEBUG:demo:- 2
- 3
- 4
- 7
- 9
DEBUG:demo:1
DEBUG:demo:6
DEBUG:demo:[2, 3, 4, 7, 9]
INFO:werkzeug:127.0.0.1 - - [13/Oct/2016 02:10:38] "POST /compute HTTP/1.1" 200 -
INFO:werkzeug: * Running on http://127.0.0.1:5000/ (Press CTRL+C to quit)
DEBUG:demo:- 2
- 3
- 4
- 7
- 9
DEBUG:demo:1
DEBUG:demo:6
DEBUG:demo:[2, 3, 4, 7, 9]
INFO:werkzeug:127.0.0.1 - - [13/Oct/2016 02:11:32] "POST /compute HTTP/1.1" 200 -
INFO:werkzeug: * Running on http://127.0.0.1:5000/ (Press CTRL+C to quit)
DEBUG:demo:- 2
- 3
- 4
- 7
- 9
DEBUG:demo:1
DEBUG:demo:6
DEBUG:demo:[2, 3, 4, 7, 9]
INFO:werkzeug:127.0.0.1 - - [13/Oct/2016 02:17:03] "POST /compute HTTP/1.1" 200 -
INFO:werkzeug: * Running on http://127.0.0.1:5000/ (Press CTRL+C to quit)
DEBUG:demo:- 2
- 3
- 4
- 7
- 9
DEBUG:demo:1
DEBUG:demo:6
DEBUG:demo:[2, 3, 4, 7, 9]
INFO:werkzeug:127.0.0.1 - - [13/Oct/2016 02:24:45] "POST /compute HTTP/1.1" 200 -
INFO:werkzeug: * Running on http://127.0.0.1:5000/ (Press CTRL+C to quit)
DEBUG:demo:- 2
- 3
- 4
- 7
- 9
DEBUG:demo:1
DEBUG:demo:6
DEBUG:demo:[2, 3, 4, 7, 9]
INFO:werkzeug:127.0.0.1 - - [13/Oct/2016 02:28:14] "POST /compute HTTP/1.1" 200 -
INFO:werkzeug: * Running on http://127.0.0.1:5000/ (Press CTRL+C to quit)
DEBUG:demo:- 2
- 3
- 4
- 7
- 9
DEBUG:demo:1
DEBUG:demo:6
DEBUG:demo:[2, 3, 4, 7, 9]
INFO:werkzeug:127.0.0.1 - - [13/Oct/2016 08:57:29] "POST /compute HTTP/1.1" 200 -
DEBUG:demo:- 2
- 3
- 4
- 7
- 9
DEBUG:demo:1
DEBUG:demo:6
DEBUG:demo:[2, 3, 4, 7, 9]
INFO:werkzeug:127.0.0.1 - - [13/Oct/2016 08:57:35] "POST /compute HTTP/1.1" 200 -
INFO:werkzeug: * Running on http://127.0.0.1:5000/ (Press CTRL+C to quit)
DEBUG:demo:- 2
- 3
- 4
- 7
- 9
DEBUG:demo:1
DEBUG:demo:6
DEBUG:demo:[2, 3, 4, 7, 9]
INFO:werkzeug:127.0.0.1 - - [13/Oct/2016 08:59:12] "POST /compute HTTP/1.1" 200 -
DEBUG:demo:- 2
- 3
- 4
- 7
- 9
DEBUG:demo:1
DEBUG:demo:6
DEBUG:demo:[2, 3, 4, 7, 9]
INFO:werkzeug:127.0.0.1 - - [13/Oct/2016 08:59:15] "POST /compute HTTP/1.1" 200 -
INFO:werkzeug: * Running on http://127.0.0.1:5000/ (Press CTRL+C to quit)
INFO:werkzeug: * Running on http://127.0.0.1:5000/ (Press CTRL+C to quit)
DEBUG:demo:- 2
- 3
- 4
- 7
- 9
DEBUG:demo:1
DEBUG:demo:6
DEBUG:demo:[2, 3, 4, 7, 9]
INFO:werkzeug:127.0.0.1 - - [13/Oct/2016 09:01:29] "POST /compute HTTP/1.1" 200 -
INFO:werkzeug: * Running on http://127.0.0.1:5000/ (Press CTRL+C to quit)
DEBUG:demo:- 2
- 3
- 4
- 7
- 9
DEBUG:demo:1
DEBUG:demo:6
DEBUG:demo:[2, 3, 4, 7, 9]
INFO:werkzeug:127.0.0.1 - - [13/Oct/2016 09:02:25] "POST /compute HTTP/1.1" 200 -
DEBUG:demo:- -1
- 3
- 5
- 9
- 11
- 13
DEBUG:demo:-2
DEBUG:demo:12
DEBUG:demo:[-1, 3, 5, 9, 11, 13]
INFO:werkzeug:127.0.0.1 - - [13/Oct/2016 09:37:51] "POST /compute HTTP/1.1" 200 -
INFO:werkzeug: * Running on http://127.0.0.1:5000/ (Press CTRL+C to quit)
DEBUG:demo:- -1
- 3
- 5
- 9
- 11
- 13
DEBUG:demo:-2
DEBUG:demo:12
DEBUG:demo:[-1, 3, 5, 9, 11, 13]
INFO:werkzeug:127.0.0.1 - - [13/Oct/2016 10:30:58] "POST /compute HTTP/1.1" 200 -
INFO:werkzeug:127.0.0.1 - - [13/Oct/2016 10:31:03] "GET /compute HTTP/1.1" 200 -
INFO:werkzeug: * Running on http://127.0.0.1:5000/ (Press CTRL+C to quit)
INFO:werkzeug:127.0.0.1 - - [13/Oct/2016 10:36:57] "GET /compute HTTP/1.1" 200 -
INFO:werkzeug:127.0.0.1 - - [13/Oct/2016 10:36:59] "GET /compute HTTP/1.1" 200 -
INFO:werkzeug: * Running on http://127.0.0.1:5000/ (Press CTRL+C to quit)
INFO:werkzeug:127.0.0.1 - - [13/Oct/2016 10:38:54] "GET /compute HTTP/1.1" 200 -
INFO:werkzeug: * Running on http://127.0.0.1:5000/ (Press CTRL+C to quit)
INFO:werkzeug:127.0.0.1 - - [13/Oct/2016 10:39:54] "GET /compute HTTP/1.1" 200 -
INFO:werkzeug: * Running on http://127.0.0.1:5000/ (Press CTRL+C to quit)
INFO:werkzeug:127.0.0.1 - - [13/Oct/2016 10:42:24] "GET /compute HTTP/1.1" 200 -
INFO:werkzeug: * Running on http://127.0.0.1:5000/ (Press CTRL+C to quit)
INFO:werkzeug:127.0.0.1 - - [13/Oct/2016 10:44:07] "GET /compute HTTP/1.1" 200 -
DEBUG:demo:- 2
- 5
- 8
- 12
- -3 
DEBUG:demo:-4
DEBUG:demo:13
DEBUG:demo:[2, 5, 8, 12, -3]
INFO:werkzeug:127.0.0.1 - - [13/Oct/2016 11:17:45] "POST /compute HTTP/1.1" 200 -
